<?xml version="1.0" encoding="UTF-8"?>
<!-- Generated by org.testng.reporters.JUnitReportReporter -->
<testsuite hostname="ROB-PC" name="com.nj.qa.testcases.LoginPageTest" tests="2" failures="0" timestamp="2 Apr 2020 04:30:26 GMT" time="18.446" errors="0">
  <testcase name="verifyTitleTest" time="8.174" classname="com.nj.qa.testcases.LoginPageTest"/>
  <testcase name="validCredentialsloginTest" time="10.272" classname="com.nj.qa.testcases.LoginPageTest"/>
</testsuite> <!-- com.nj.qa.testcases.LoginPageTest -->
