<?xml version="1.0" encoding="UTF-8"?>
<!-- Generated by org.testng.reporters.JUnitReportReporter -->
<testsuite hostname="ROB-PC" name="com.nj.qa.testcases.LoginPageTest" tests="2" failures="0" timestamp="3 Apr 2020 15:10:55 GMT" time="22.880" errors="0">
  <testcase name="verifyTitleTest" time="9.978" classname="com.nj.qa.testcases.LoginPageTest"/>
  <testcase name="validCredentialsloginTest" time="12.902" classname="com.nj.qa.testcases.LoginPageTest"/>
</testsuite> <!-- com.nj.qa.testcases.LoginPageTest -->
