<?xml version="1.0" encoding="UTF-8"?>
<!-- Generated by org.testng.reporters.JUnitReportReporter -->
<testsuite hostname="ROB-PC" name="com.nj.qa.testcases.HomePageTest" tests="2" failures="0" timestamp="3 Apr 2020 15:19:33 GMT" time="21.050" errors="0">
  <testcase name="getHomePageTitleTest" time="8.739" classname="com.nj.qa.testcases.HomePageTest"/>
  <testcase name="clickOnSoftwareTabTest" time="12.311" classname="com.nj.qa.testcases.HomePageTest"/>
</testsuite> <!-- com.nj.qa.testcases.HomePageTest -->
