<?xml version="1.0" encoding="UTF-8"?>
<!-- Generated by org.testng.reporters.JUnitReportReporter -->
<testsuite skipped="0" hostname="ROB-PC" name="com.nj.qa.testcases.LoginPageTest" tests="2" failures="0" timestamp="03 Apr 2020 15:21:08 GMT" time="16.248" errors="0">
  <testcase name="verifyTitleTest" time="8.001" classname="com.nj.qa.testcases.LoginPageTest"/>
  <testcase name="validCredentialsloginTest" time="8.247" classname="com.nj.qa.testcases.LoginPageTest"/>
</testsuite> <!-- com.nj.qa.testcases.LoginPageTest -->
