<?xml version="1.0" encoding="UTF-8"?>
<!-- Generated by org.testng.reporters.JUnitReportReporter -->
<testsuite skipped="0" hostname="ROB-PC" name="com.nj.qa.testcases.HomePageTest" tests="2" failures="0" timestamp="03 Apr 2020 15:21:08 GMT" time="29.427" errors="0">
  <testcase name="getHomePageTitleTest" time="13.178" classname="com.nj.qa.testcases.HomePageTest"/>
  <testcase name="clickOnSoftwareTabTest" time="16.249" classname="com.nj.qa.testcases.HomePageTest"/>
</testsuite> <!-- com.nj.qa.testcases.HomePageTest -->
