<?xml version="1.0" encoding="UTF-8"?>
<!-- Generated by org.testng.reporters.JUnitReportReporter -->
<testsuite skipped="0" hostname="ROB-PC" name="com.nj.qa.testcases.LoginPageTest" tests="2" failures="0" timestamp="02 Apr 2020 04:34:00 GMT" time="18.553" errors="0">
  <testcase name="verifyTitleTest" time="6.771" classname="com.nj.qa.testcases.LoginPageTest"/>
  <testcase name="validCredentialsloginTest" time="11.782" classname="com.nj.qa.testcases.LoginPageTest"/>
</testsuite> <!-- com.nj.qa.testcases.LoginPageTest -->
